#
# There is insufficient memory for the Java Runtime Environment to continue.
# Native memory allocation (malloc) failed to allocate 1048576 bytes for AllocateHeap
# Possible reasons:
#   The system is out of physical RAM or swap space
#   The process is running with CompressedOops enabled, and the Java Heap may be blocking the growth of the native heap
# Possible solutions:
#   Reduce memory load on the system
#   Increase physical memory or swap space
#   Check if swap backing store is full
#   Decrease Java heap size (-Xmx/-Xms)
#   Decrease number of Java threads
#   Decrease Java thread stack sizes (-Xss)
#   Set larger code cache with -XX:ReservedCodeCacheSize=
#   JVM is running with Unscaled Compressed Oops mode in which the Java heap is
#     placed in the first 4GB address space. The Java Heap base address is the
#     maximum limit for the native heap growth. Please use -XX:HeapBaseMinAddress
#     to set the Java Heap base and to place the Java Heap above 4GB virtual address.
# This output file may be truncated or incomplete.
#
#  Out of Memory Error (allocation.cpp:44), pid=1092, tid=16576
#
# JRE version:  (17.0.7) (build )
# Java VM: OpenJDK 64-Bit Server VM (17.0.7+0-b2043.56-10550314, mixed mode, sharing, tiered, compressed oops, compressed class ptrs, g1 gc, windows-amd64)
# No core dump will be written. Minidumps are not enabled by default on client versions of Windows
#

---------------  S U M M A R Y ------------

Command Line: git4idea.http.GitAskPassApp Username for 'https://github.com': 

Host: AMD Ryzen 7 4700U with Radeon Graphics         , 8 cores, 7G,  Windows 11 , 64 bit Build 22621 (10.0.22621.3085)
Time: Tue Apr  9 02:12:12 2024 Hora est. Pacífico, Sudamérica elapsed time: 0.106136 seconds (0d 0h 0m 0s)

---------------  T H R E A D  ---------------

Current thread (0x000002549523db70):  JavaThread "Unknown thread" [_thread_in_vm, id=16576, stack(0x0000009331800000,0x0000009331900000)]

Stack: [0x0000009331800000,0x0000009331900000]
Native frames: (J=compiled Java code, j=interpreted, Vv=VM code, C=native code)
V  [jvm.dll+0x683bfa]
V  [jvm.dll+0x8430a4]
V  [jvm.dll+0x8449be]
V  [jvm.dll+0x845023]
V  [jvm.dll+0x24ad2f]
V  [jvm.dll+0xa69cf]
V  [jvm.dll+0x2ea707]
V  [jvm.dll+0x2e23eb]
V  [jvm.dll+0x814391]
V  [jvm.dll+0x36ffe1]
V  [jvm.dll+0x7f396c]
V  [jvm.dll+0x3f305f]
V  [jvm.dll+0x3f4b91]
C  [jli.dll+0x528f]
C  [ucrtbase.dll+0x29363]
C  [KERNEL32.DLL+0x1257d]
C  [ntdll.dll+0x5aa58]


---------------  P R O C E S S  ---------------

Threads class SMR info:
_java_thread_list=0x00007ffeebe2d098, length=0, elements={
}

Java Threads: ( => current thread )

Other Threads:
  0x00000254952944e0 GCTaskThread "GC Thread#0" [stack: 0x0000009331900000,0x0000009331a00000] [id=23112]

[error occurred during error reporting (printing all threads), id 0xc0000005, EXCEPTION_ACCESS_VIOLATION (0xc0000005) at pc=0x00007ffeeb5df650]

VM state: not at safepoint (not fully initialized)

VM Mutex/Monitor currently owned by a thread:  ([mutex/lock_event])
[0x00000254952376d0] Heap_lock - owner thread: 0x000002549523db70

Heap address: 0x000000008a200000, size: 1886 MB, Compressed Oops mode: 32-bit

CDS archive(s) mapped at: [0x0000000000000000-0x0000000000000000-0x0000000000000000), size 0, SharedBaseAddress: 0x0000000800000000, ArchiveRelocationMode: 0.
Narrow klass base: 0x0000000000000000, Narrow klass shift: 0, Narrow klass range: 0x0

GC Precious Log:
<Empty>

Heap:
 garbage-first heap   total 0K, used 0K [0x000000008a200000, 0x0000000100000000)
  region size 1024K, 0 young (0K), 0 survivors (0K)
 Metaspace       used 0K, committed 0K, reserved 0K
  class space    used 0K, committed 0K, reserved 0K

Heap Regions: E=young(eden), S=young(survivor), O=old, HS=humongous(starts), HC=humongous(continues), CS=collection set, F=free, OA=open archive, CA=closed archive, TAMS=top-at-mark-start (previous, next)

Card table byte_map: [0x00000254a7df0000,0x00000254a81a0000] _byte_map_base: 0x00000254a799f000

GC Heap History (0 events):
No events

Dll operation events (1 events):
Event: 0.017 Loaded shared library D:\Apps\androidStudio\jbr\bin\java.dll

Deoptimization events (0 events):
No events

Classes unloaded (0 events):
No events

Classes redefined (0 events):
No events

Internal exceptions (0 events):
No events

VM Operations (0 events):
No events

Events (0 events):
No events


Dynamic libraries:
0x00007ff6e8790000 - 0x00007ff6e879a000 	D:\Apps\androidStudio\jbr\bin\java.exe
0x00007fff4d010000 - 0x00007fff4d227000 	C:\WINDOWS\SYSTEM32\ntdll.dll
0x00007fff4b630000 - 0x00007fff4b6f4000 	C:\WINDOWS\System32\KERNEL32.DLL
0x00007fff4a7c0000 - 0x00007fff4ab66000 	C:\WINDOWS\System32\KERNELBASE.dll
0x00007fff4a570000 - 0x00007fff4a681000 	C:\WINDOWS\System32\ucrtbase.dll
0x00007fff40a30000 - 0x00007fff40a47000 	D:\Apps\androidStudio\jbr\bin\jli.dll
0x00007fff36a30000 - 0x00007fff36a4b000 	D:\Apps\androidStudio\jbr\bin\VCRUNTIME140.dll
0x00007fff4b420000 - 0x00007fff4b5ce000 	C:\WINDOWS\System32\USER32.dll
0x00007fff4a350000 - 0x00007fff4a376000 	C:\WINDOWS\System32\win32u.dll
0x00007fff4ae90000 - 0x00007fff4aeb9000 	C:\WINDOWS\System32\GDI32.dll
0x00007fff37c20000 - 0x00007fff37eb3000 	C:\WINDOWS\WinSxS\amd64_microsoft.windows.common-controls_6595b64144ccf1df_6.0.22621.2506_none_270c5ae97388e100\COMCTL32.dll
0x00007fff4a380000 - 0x00007fff4a498000 	C:\WINDOWS\System32\gdi32full.dll
0x00007fff4a4a0000 - 0x00007fff4a53a000 	C:\WINDOWS\System32\msvcp_win.dll
0x00007fff4af50000 - 0x00007fff4aff7000 	C:\WINDOWS\System32\msvcrt.dll
0x00007fff4cb40000 - 0x00007fff4cb71000 	C:\WINDOWS\System32\IMM32.DLL
0x00007fff40870000 - 0x00007fff4087c000 	D:\Apps\androidStudio\jbr\bin\vcruntime140_1.dll
0x00007fff25b50000 - 0x00007fff25bdd000 	D:\Apps\androidStudio\jbr\bin\msvcp140.dll
0x00007ffeeb2f0000 - 0x00007ffeebf70000 	D:\Apps\androidStudio\jbr\bin\server\jvm.dll
0x00007fff4cb90000 - 0x00007fff4cc43000 	C:\WINDOWS\System32\ADVAPI32.dll
0x00007fff4b700000 - 0x00007fff4b7a8000 	C:\WINDOWS\System32\sechost.dll
0x00007fff4a540000 - 0x00007fff4a568000 	C:\WINDOWS\System32\bcrypt.dll
0x00007fff4b8c0000 - 0x00007fff4b9d7000 	C:\WINDOWS\System32\RPCRT4.dll
0x00007fff405c0000 - 0x00007fff405c9000 	C:\WINDOWS\SYSTEM32\WSOCK32.dll
0x00007fff40a10000 - 0x00007fff40a1a000 	C:\WINDOWS\SYSTEM32\VERSION.dll
0x00007fff4b000000 - 0x00007fff4b071000 	C:\WINDOWS\System32\WS2_32.dll
0x00007fff42f50000 - 0x00007fff42f84000 	C:\WINDOWS\SYSTEM32\WINMM.dll
0x00007fff49390000 - 0x00007fff493a8000 	C:\WINDOWS\SYSTEM32\kernel.appcore.dll
0x00007fff44410000 - 0x00007fff4441a000 	D:\Apps\androidStudio\jbr\bin\jimage.dll
0x00007fff47b80000 - 0x00007fff47db3000 	C:\WINDOWS\SYSTEM32\DBGHELP.DLL
0x00007fff4b090000 - 0x00007fff4b419000 	C:\WINDOWS\System32\combase.dll
0x00007fff4ad60000 - 0x00007fff4ae37000 	C:\WINDOWS\System32\OLEAUT32.dll
0x00007fff29f50000 - 0x00007fff29f82000 	C:\WINDOWS\SYSTEM32\dbgcore.DLL
0x00007fff4ab70000 - 0x00007fff4abea000 	C:\WINDOWS\System32\bcryptPrimitives.dll
0x00007fff42a90000 - 0x00007fff42ab5000 	D:\Apps\androidStudio\jbr\bin\java.dll

dbghelp: loaded successfully - version: 4.0.5 - missing functions: none
symbol engine: initialized successfully - sym options: 0x614 - pdb path: .;D:\Apps\androidStudio\jbr\bin;C:\WINDOWS\SYSTEM32;C:\WINDOWS\WinSxS\amd64_microsoft.windows.common-controls_6595b64144ccf1df_6.0.22621.2506_none_270c5ae97388e100;D:\Apps\androidStudio\jbr\bin\server

VM Arguments:
java_command: git4idea.http.GitAskPassApp Username for 'https://github.com': 
java_class_path (initial): D:/Apps/androidStudio/plugins/vcs-git/lib/git4idea-rt.jar;D:/Apps/androidStudio/lib/externalProcess-rt.jar
Launcher Type: SUN_STANDARD

[Global flags]
     intx CICompilerCount                          = 4                                         {product} {ergonomic}
     uint ConcGCThreads                            = 2                                         {product} {ergonomic}
     uint G1ConcRefinementThreads                  = 8                                         {product} {ergonomic}
   size_t G1HeapRegionSize                         = 1048576                                   {product} {ergonomic}
    uintx GCDrainStackTargetSize                   = 64                                        {product} {ergonomic}
   size_t InitialHeapSize                          = 123731968                                 {product} {ergonomic}
   size_t MarkStackSize                            = 4194304                                   {product} {ergonomic}
   size_t MaxHeapSize                              = 1977614336                                {product} {ergonomic}
   size_t MinHeapDeltaBytes                        = 1048576                                   {product} {ergonomic}
   size_t MinHeapSize                              = 8388608                                   {product} {ergonomic}
    uintx NonNMethodCodeHeapSize                   = 5839372                                {pd product} {ergonomic}
    uintx NonProfiledCodeHeapSize                  = 122909434                              {pd product} {ergonomic}
    uintx ProfiledCodeHeapSize                     = 122909434                              {pd product} {ergonomic}
    uintx ReservedCodeCacheSize                    = 251658240                              {pd product} {ergonomic}
     bool SegmentedCodeCache                       = true                                      {product} {ergonomic}
   size_t SoftMaxHeapSize                          = 1977614336                             {manageable} {ergonomic}
     bool UseCompressedClassPointers               = true                           {product lp64_product} {ergonomic}
     bool UseCompressedOops                        = true                           {product lp64_product} {ergonomic}
     bool UseG1GC                                  = true                                      {product} {ergonomic}
     bool UseLargePagesIndividualAllocation        = false                                  {pd product} {ergonomic}

Logging:
Log output configuration:
 #0: stdout all=warning uptime,level,tags
 #1: stderr all=off uptime,level,tags

Environment Variables:
PATH=D:/Apps/Git/mingw64/libexec/git-core;D:/Apps/Git/mingw64/libexec/git-core;D:\Apps\Git\mingw64\bin;D:\Apps\Git\usr\bin;C:\Users\coral\bin;C:\WINDOWS\system32;C:\WINDOWS;C:\WINDOWS\System32\Wbem;C:\WINDOWS\System32\WindowsPowerShell\v1.0\;C:\WINDOWS\System32\OpenSSH\;D:\Apps\Git\cmd;C:\Users\coral\AppData\Local\Microsoft\WindowsApps;C:\Users\coral\AppData\Local\GitHubDesktop\bin;D:\Apps\Microsoft VS Code\bin
USERNAME=coral
DISPLAY=:0.0
LC_ALL=en_US.UTF-8
TERM=xterm-256color
TMPDIR=C:\Users\coral\AppData\Local\Temp
OS=Windows_NT
PROCESSOR_IDENTIFIER=AMD64 Family 23 Model 96 Stepping 1, AuthenticAMD
TMP=C:\Users\coral\AppData\Local\Temp
TEMP=C:\Users\coral\AppData\Local\Temp


JNI global refs:
JNI global refs: 0, weak refs: 0

JNI global refs memory usage: 0, weak refs: 0

OOME stack traces (most recent first):
Classloader memory used:


---------------  S Y S T E M  ---------------

OS:
 Windows 11 , 64 bit Build 22621 (10.0.22621.3085)
OS uptime: 35 days 7:35 hours

CPU: total 8 (initial active 8) (8 cores per cpu, 1 threads per core) family 23 model 96 stepping 1 microcode 0x0, cx8, cmov, fxsr, mmx, 3dnowpref, sse, sse2, sse3, ssse3, sse4a, sse4.1, sse4.2, popcnt, lzcnt, tsc, tscinvbit, avx, avx2, aes, clmul, bmi1, bmi2, adx, sha, fma, vzeroupper, clflush, clflushopt

Memory: 4k page, system-wide physical 7542M (491M free)
TotalPageFile size 22670M (AvailPageFile size 7M)
current process WorkingSet (physical memory assigned to process): 11M, peak: 11M
current process commit charge ("private bytes"): 58M, peak: 59M

vm_info: OpenJDK 64-Bit Server VM (17.0.7+0-b2043.56-10550314) for windows-amd64 JRE (17.0.7+0-b2043.56-10550314), built on Jul 24 2023 18:27:45 by "androidbuild" with MS VC++ 16.10 / 16.11 (VS2019)

END.
